{"total": {"lines":{"total":1269,"covered":1100,"skipped":0,"pct":86.68},"statements":{"total":1269,"covered":1100,"skipped":0,"pct":86.68},"functions":{"total":52,"covered":51,"skipped":0,"pct":98.07},"branches":{"total":326,"covered":248,"skipped":0,"pct":76.07},"branchesTrue":{"total":0,"covered":0,"skipped":0,"pct":"Unknown"}}
,"/Users/johnolafenwa/source2/Aurora/tools/aurora-language-server/src/analysis.js": {"lines":{"total":1269,"covered":1100,"skipped":0,"pct":86.68},"functions":{"total":52,"covered":51,"skipped":0,"pct":98.07},"statements":{"total":1269,"covered":1100,"skipped":0,"pct":86.68},"branches":{"total":326,"covered":248,"skipped":0,"pct":76.07}}
}
